2019/07/24 08:29:07 registry.go:71: [registry]: Initializing plugin: [auth]
2019/07/24 08:29:07 registry.go:71: [registry]: Initializing plugin: [logs]
2019/07/24 08:29:07 dao.go:42: [logs]: index named ".logs" already exists, skipping ...
2019/07/24 08:29:07 registry.go:71: [registry]: Initializing plugin: [permissions]
2019/07/24 08:29:07 permissions.go:42: [permissions]: initializing plugin
2019/07/24 08:29:07 dao.go:44: [permissions] index named '.permissions' already exists, skipping...
2019/07/24 08:29:07 registry.go:71: [registry]: Initializing plugin: [reindexer]
2019/07/24 08:29:07 registry.go:71: [registry]: Initializing plugin: [users]
2019/07/24 08:29:07 dao.go:54: [users]: index named '.users' already exists, skipping...
2019/07/24 08:29:08 registry.go:80: [registry]: Initializing plugin: [elasticsearch]
2019/07/24 08:29:08 routes.go:175: [elasticsearch]: unable to categorize spec "info": info does not belong to ACL values\n
2019/07/24 08:29:08 routes.go:175: [elasticsearch]: unable to categorize spec "ping": ping does not belong to ACL values\n
2019/07/24 08:29:08 main.go:107: [cmd]: listening on :8000
2019/07/24 08:30:08 logger.go:20: [logger]: finished POST /_permission, took 0.489969s
2019/07/24 08:32:40 handlers.go:38: [elasticsearch]: category="docs", acl="index", op="write"\n
2019/07/24 08:32:40 logger.go:20: [logger]: finished POST /_permission/581b77699936, took 0.174677s
2019/07/24 08:33:33 logger.go:20: [logger]: finished PATCH /_permission/581b77699936, took 0.111314s
2019/07/24 08:34:15 logger.go:20: [logger]: finished GET /_permission/581b77699936, took 0.080835s
2019/07/24 08:34:25 logger.go:20: [logger]: finished PATCH /_permission/581b77699936, took 0.073757s
2019/07/24 08:51:38 registry.go:71: [registry]: Initializing plugin: [auth]
2019/07/24 08:51:38 registry.go:71: [registry]: Initializing plugin: [logs]
2019/07/24 08:51:38 dao.go:42: [logs]: index named ".logs" already exists, skipping ...
2019/07/24 08:51:38 registry.go:71: [registry]: Initializing plugin: [permissions]
2019/07/24 08:51:38 permissions.go:42: [permissions]: initializing plugin
2019/07/24 08:51:38 dao.go:44: [permissions] index named '.permissions' already exists, skipping...
2019/07/24 08:51:38 registry.go:71: [registry]: Initializing plugin: [reindexer]
2019/07/24 08:51:38 registry.go:71: [registry]: Initializing plugin: [users]
2019/07/24 08:51:38 dao.go:54: [users]: index named '.users' already exists, skipping...
2019/07/24 08:51:39 registry.go:80: [registry]: Initializing plugin: [elasticsearch]
2019/07/24 08:51:39 routes.go:175: [elasticsearch]: unable to categorize spec "ping": ping does not belong to ACL values\n
2019/07/24 08:51:39 routes.go:175: [elasticsearch]: unable to categorize spec "info": info does not belong to ACL values\n
2019/07/24 08:51:39 main.go:107: [cmd]: listening on :8000
2019/07/24 08:51:56 logger.go:20: [logger]: finished POST /_permission, took 0.806095s
2019/07/24 08:52:37 logger.go:20: [logger]: finished PATCH /_permission/e700c5af35a3, took 0.074341s
2019/07/24 08:53:54 registry.go:71: [registry]: Initializing plugin: [auth]
2019/07/24 08:53:54 registry.go:71: [registry]: Initializing plugin: [logs]
2019/07/24 08:53:54 dao.go:42: [logs]: index named ".logs" already exists, skipping ...
2019/07/24 08:53:54 registry.go:71: [registry]: Initializing plugin: [permissions]
2019/07/24 08:53:54 permissions.go:42: [permissions]: initializing plugin
2019/07/24 08:53:54 dao.go:44: [permissions] index named '.permissions' already exists, skipping...
2019/07/24 08:53:54 registry.go:71: [registry]: Initializing plugin: [reindexer]
2019/07/24 08:53:55 registry.go:71: [registry]: Initializing plugin: [users]
2019/07/24 08:53:55 dao.go:54: [users]: index named '.users' already exists, skipping...
2019/07/24 08:53:56 registry.go:80: [registry]: Initializing plugin: [elasticsearch]
2019/07/24 08:53:56 routes.go:175: [elasticsearch]: unable to categorize spec "info": info does not belong to ACL values\n
2019/07/24 08:53:56 routes.go:175: [elasticsearch]: unable to categorize spec "ping": ping does not belong to ACL values\n
2019/07/24 08:53:56 main.go:107: [cmd]: listening on :8000
2019/07/24 08:54:04 logger.go:20: [logger]: finished PATCH /_permission/e700c5af35a3, took 0.078110s
2019/07/24 08:55:20 registry.go:71: [registry]: Initializing plugin: [auth]
2019/07/24 08:55:21 registry.go:71: [registry]: Initializing plugin: [logs]
2019/07/24 08:55:21 dao.go:42: [logs]: index named ".logs" already exists, skipping ...
2019/07/24 08:55:21 registry.go:71: [registry]: Initializing plugin: [permissions]
2019/07/24 08:55:21 permissions.go:42: [permissions]: initializing plugin
2019/07/24 08:55:21 dao.go:44: [permissions] index named '.permissions' already exists, skipping...
2019/07/24 08:55:21 registry.go:71: [registry]: Initializing plugin: [reindexer]
2019/07/24 08:55:21 registry.go:71: [registry]: Initializing plugin: [users]
2019/07/24 08:55:21 dao.go:54: [users]: index named '.users' already exists, skipping...
2019/07/24 08:55:25 registry.go:71: [registry]: Initializing plugin: [auth]
2019/07/24 08:55:25 registry.go:71: [registry]: Initializing plugin: [logs]
2019/07/24 08:55:25 dao.go:42: [logs]: index named ".logs" already exists, skipping ...
2019/07/24 08:55:25 registry.go:71: [registry]: Initializing plugin: [permissions]
2019/07/24 08:55:25 permissions.go:42: [permissions]: initializing plugin
2019/07/24 08:55:25 dao.go:44: [permissions] index named '.permissions' already exists, skipping...
2019/07/24 08:55:25 registry.go:71: [registry]: Initializing plugin: [reindexer]
2019/07/24 08:55:25 registry.go:71: [registry]: Initializing plugin: [users]
2019/07/24 08:55:25 dao.go:54: [users]: index named '.users' already exists, skipping...
2019/07/24 08:55:26 registry.go:80: [registry]: Initializing plugin: [elasticsearch]
2019/07/24 08:55:26 routes.go:175: [elasticsearch]: unable to categorize spec "ping": ping does not belong to ACL values\n
2019/07/24 08:55:26 routes.go:175: [elasticsearch]: unable to categorize spec "info": info does not belong to ACL values\n
2019/07/24 08:55:26 main.go:107: [cmd]: listening on :8000
2019/07/24 08:55:36 logger.go:20: [logger]: finished PATCH /_permission/e700c5af35a3, took 0.083043s
2019/07/24 08:55:38 logger.go:20: [logger]: finished PATCH /_permission/e700c5af35a3, took 0.069310s
2019/07/24 08:56:54 registry.go:71: [registry]: Initializing plugin: [auth]
2019/07/24 08:56:55 registry.go:71: [registry]: Initializing plugin: [logs]
2019/07/24 08:56:55 dao.go:42: [logs]: index named ".logs" already exists, skipping ...
2019/07/24 08:56:55 registry.go:71: [registry]: Initializing plugin: [permissions]
2019/07/24 08:56:55 permissions.go:42: [permissions]: initializing plugin
2019/07/24 08:56:55 dao.go:44: [permissions] index named '.permissions' already exists, skipping...
2019/07/24 08:56:55 registry.go:71: [registry]: Initializing plugin: [reindexer]
2019/07/24 08:56:55 registry.go:71: [registry]: Initializing plugin: [users]
2019/07/24 08:56:55 dao.go:54: [users]: index named '.users' already exists, skipping...
2019/07/24 08:56:55 registry.go:80: [registry]: Initializing plugin: [elasticsearch]
2019/07/24 08:56:55 routes.go:175: [elasticsearch]: unable to categorize spec "info": info does not belong to ACL values\n
2019/07/24 08:56:55 routes.go:175: [elasticsearch]: unable to categorize spec "ping": ping does not belong to ACL values\n
2019/07/24 08:56:55 main.go:107: [cmd]: listening on :8000
2019/07/24 08:56:55 main.go:113: listen tcp :8000: bind: address already in use
2019/07/24 08:57:03 logger.go:20: [logger]: finished PATCH /_permission/e700c5af35a3, took 0.072713s
2019/07/24 08:57:06 logger.go:20: [logger]: finished PATCH /_permission/e700c5af35a3, took 0.085367s
2019/07/24 08:57:53 registry.go:71: [registry]: Initializing plugin: [auth]
2019/07/24 08:57:53 registry.go:71: [registry]: Initializing plugin: [logs]
2019/07/24 08:57:53 dao.go:42: [logs]: index named ".logs" already exists, skipping ...
2019/07/24 08:57:53 registry.go:71: [registry]: Initializing plugin: [permissions]
2019/07/24 08:57:53 permissions.go:42: [permissions]: initializing plugin
2019/07/24 08:57:53 dao.go:44: [permissions] index named '.permissions' already exists, skipping...
2019/07/24 08:57:53 registry.go:71: [registry]: Initializing plugin: [reindexer]
2019/07/24 08:57:53 registry.go:71: [registry]: Initializing plugin: [users]
2019/07/24 08:57:53 dao.go:54: [users]: index named '.users' already exists, skipping...
2019/07/24 08:57:54 registry.go:80: [registry]: Initializing plugin: [elasticsearch]
2019/07/24 08:57:54 routes.go:175: [elasticsearch]: unable to categorize spec "ping": ping does not belong to ACL values\n
2019/07/24 08:57:54 routes.go:175: [elasticsearch]: unable to categorize spec "info": info does not belong to ACL values\n
2019/07/24 08:57:54 main.go:107: [cmd]: listening on :8000
2019/07/24 08:57:58 logger.go:20: [logger]: finished PATCH /_permission/e700c5af35a3, took 0.620985s
2019/07/24 08:58:45 logger.go:20: [logger]: finished PATCH /_permission/e700c5af35a3, took 0.886398s
2019/07/24 08:58:51 logger.go:20: [logger]: finished PATCH /_permission/e700c5af35a3, took 0.767030s
2019/07/24 08:58:55 logger.go:20: [logger]: finished PATCH /_permission/e700c5af35a3, took 0.069975s
2019/07/24 08:59:19 handlers.go:162: [permissions]: can't parse request body: invalid character 'i' in literal null (expecting 'u')
2019/07/24 08:59:19 logger.go:20: [logger]: finished PATCH /_permission/e700c5af35a3, took 0.065707s
2019/07/24 08:59:28 handlers.go:162: [permissions]: can't parse request body: invalid character '}' after object key
2019/07/24 08:59:28 logger.go:20: [logger]: finished PATCH /_permission/e700c5af35a3, took 0.066685s
2019/07/24 08:59:34 handlers.go:162: [permissions]: can't parse request body: json: cannot unmarshal number into Go struct field Permission.role of type string
2019/07/24 08:59:34 logger.go:20: [logger]: finished PATCH /_permission/e700c5af35a3, took 0.066805s
2019/07/24 08:59:58 logger.go:20: [logger]: finished PATCH /_permission/e700c5af35a3, took 0.082380s
2019/07/24 09:15:14 registry.go:71: [registry]: Initializing plugin: [auth]
2019/07/24 09:15:14 registry.go:71: [registry]: Initializing plugin: [logs]
2019/07/24 09:15:14 dao.go:42: [logs]: index named ".logs" already exists, skipping ...
2019/07/24 09:15:14 registry.go:71: [registry]: Initializing plugin: [permissions]
2019/07/24 09:15:14 permissions.go:42: [permissions]: initializing plugin
2019/07/24 09:15:14 dao.go:44: [permissions] index named '.permissions' already exists, skipping...
2019/07/24 09:15:14 registry.go:71: [registry]: Initializing plugin: [reindexer]
2019/07/24 09:15:14 registry.go:71: [registry]: Initializing plugin: [users]
2019/07/24 09:15:14 dao.go:54: [users]: index named '.users' already exists, skipping...
2019/07/24 09:15:14 registry.go:80: [registry]: Initializing plugin: [elasticsearch]
2019/07/24 09:15:14 routes.go:175: [elasticsearch]: unable to categorize spec "info": info does not belong to ACL values\n
2019/07/24 09:15:14 routes.go:175: [elasticsearch]: unable to categorize spec "ping": ping does not belong to ACL values\n
2019/07/24 09:15:14 main.go:107: [cmd]: listening on :8000
2019/07/24 09:15:20 logger.go:20: [logger]: finished PATCH /_permission/e700c5af35a3, took 0.216970s
2019/07/24 09:15:28 logger.go:20: [logger]: finished PATCH /_permission/e700c5af35a3, took 0.068951s
2019/07/24 09:15:33 logger.go:20: [logger]: finished PATCH /_permission/e700c5af35a3, took 0.631416s
2019/07/24 09:15:37 logger.go:20: [logger]: finished PATCH /_permission/e700c5af35a3, took 0.905139s
2019/07/24 09:15:46 logger.go:20: [logger]: finished PATCH /_permission/e700c5af35a3, took 0.229577s
2019/07/24 09:25:16 registry.go:71: [registry]: Initializing plugin: [auth]
2019/07/24 09:25:17 registry.go:71: [registry]: Initializing plugin: [logs]
2019/07/24 09:25:17 dao.go:42: [logs]: index named ".logs" already exists, skipping ...
2019/07/24 09:25:17 registry.go:71: [registry]: Initializing plugin: [permissions]
2019/07/24 09:25:17 permissions.go:42: [permissions]: initializing plugin
2019/07/24 09:25:17 dao.go:44: [permissions] index named '.permissions' already exists, skipping...
2019/07/24 09:25:17 registry.go:71: [registry]: Initializing plugin: [reindexer]
2019/07/24 09:25:17 registry.go:71: [registry]: Initializing plugin: [users]
2019/07/24 09:25:17 dao.go:54: [users]: index named '.users' already exists, skipping...
2019/07/24 09:25:17 registry.go:80: [registry]: Initializing plugin: [elasticsearch]
2019/07/24 09:25:17 routes.go:175: [elasticsearch]: unable to categorize spec "info": info does not belong to ACL values\n
2019/07/24 09:25:17 routes.go:175: [elasticsearch]: unable to categorize spec "ping": ping does not belong to ACL values\n
2019/07/24 09:25:17 main.go:107: [cmd]: listening on :8000
2019/07/24 09:25:34 logger.go:20: [logger]: finished PATCH /_permission/e700c5af35a3, took 0.738744s
2019/07/24 09:25:40 handlers.go:215: [permissions]: permission with role=myrole already exists
2019/07/24 09:25:40 logger.go:20: [logger]: finished PATCH /_permission/e700c5af35a3, took 0.075533s
2019/07/24 10:05:03 registry.go:71: [registry]: Initializing plugin: [auth]
2019/07/24 10:05:03 registry.go:71: [registry]: Initializing plugin: [logs]
2019/07/24 10:05:03 dao.go:42: [logs]: index named ".logs" already exists, skipping ...
2019/07/24 10:05:04 registry.go:71: [registry]: Initializing plugin: [permissions]
2019/07/24 10:05:04 permissions.go:42: [permissions]: initializing plugin
2019/07/24 10:05:04 dao.go:44: [permissions] index named '.permissions' already exists, skipping...
2019/07/24 10:05:04 registry.go:71: [registry]: Initializing plugin: [reindexer]
2019/07/24 10:05:04 registry.go:71: [registry]: Initializing plugin: [users]
2019/07/24 10:05:04 dao.go:54: [users]: index named '.users' already exists, skipping...
2019/07/24 10:05:05 registry.go:80: [registry]: Initializing plugin: [elasticsearch]
2019/07/24 10:05:05 routes.go:175: [elasticsearch]: unable to categorize spec "info": info does not belong to ACL values\n
2019/07/24 10:05:05 routes.go:175: [elasticsearch]: unable to categorize spec "ping": ping does not belong to ACL values\n
2019/07/24 10:05:05 main.go:107: [cmd]: listening on :8000
2019/07/24 10:05:05 main.go:113: listen tcp :8000: bind: address already in use
2019/07/24 10:05:39 handlers.go:38: [elasticsearch]: category="docs", acl="get", op="read"\n
2019/07/24 10:05:39 logger.go:20: [logger]: finished GET /_permission/_role/myrole, took 0.070756s
2019/07/24 10:05:56 handlers.go:38: [elasticsearch]: category="docs", acl="get", op="read"\n
2019/07/24 10:05:56 logger.go:20: [logger]: finished GET /_permissions/_role/myrole, took 0.064054s
2019/07/24 10:06:13 handlers.go:38: [elasticsearch]: category="docs", acl="get", op="read"\n
2019/07/24 10:06:13 logger.go:20: [logger]: finished GET /_permission/_role/myrole, took 0.065199s
2019/07/24 10:06:33 logger.go:20: [logger]: finished GET /_permission/e700c5af35a3, took 0.069932s
2019/07/24 10:06:42 logger.go:20: [logger]: finished GET /_permission/e700c5af35a3, took 0.069959s
2019/07/24 10:06:55 handlers.go:38: [elasticsearch]: category="docs", acl="get", op="read"\n
2019/07/24 10:06:55 logger.go:20: [logger]: finished GET /_permission/_role/myrole, took 0.071383s
2019/07/24 10:07:28 logger.go:20: [logger]: finished GET /_permission/581b77699936, took 0.069125s
2019/07/24 10:07:36 logger.go:20: [logger]: finished GET /_permission/e700c5af35a3, took 0.070837s
2019/07/24 10:07:53 handlers.go:215: [permissions]: permission with role=myrole already exists
2019/07/24 10:07:53 logger.go:20: [logger]: finished PATCH /_permission/e700c5af35a3, took 0.075162s
2019/07/24 10:08:10 handlers.go:38: [elasticsearch]: category="docs", acl="get", op="read"\n
2019/07/24 10:08:10 logger.go:20: [logger]: finished GET /_permission/_role/myrole, took 0.067073s
2019/07/24 10:08:30 handlers.go:38: [elasticsearch]: category="docs", acl="get", op="read"\n
2019/07/24 10:08:30 logger.go:20: [logger]: finished GET /_permissions/_role/myrole, took 0.066895s
2019/07/24 10:10:26 registry.go:71: [registry]: Initializing plugin: [auth]
2019/07/24 10:10:26 registry.go:71: [registry]: Initializing plugin: [logs]
2019/07/24 10:10:26 dao.go:42: [logs]: index named ".logs" already exists, skipping ...
2019/07/24 10:10:26 registry.go:71: [registry]: Initializing plugin: [permissions]
2019/07/24 10:10:26 permissions.go:42: [permissions]: initializing plugin
2019/07/24 10:10:26 dao.go:44: [permissions] index named '.permissions' already exists, skipping...
2019/07/24 10:10:26 registry.go:71: [registry]: Initializing plugin: [reindexer]
2019/07/24 10:10:26 registry.go:71: [registry]: Initializing plugin: [users]
2019/07/24 10:10:26 dao.go:54: [users]: index named '.users' already exists, skipping...
2019/07/24 10:10:26 registry.go:80: [registry]: Initializing plugin: [elasticsearch]
2019/07/24 10:10:26 routes.go:175: [elasticsearch]: unable to categorize spec "info": info does not belong to ACL values\n
2019/07/24 10:10:26 routes.go:175: [elasticsearch]: unable to categorize spec "ping": ping does not belong to ACL values\n
2019/07/24 10:10:26 main.go:107: [cmd]: listening on :8000
2019/07/24 10:10:30 handlers.go:38: [elasticsearch]: category="docs", acl="get", op="read"\n
2019/07/24 10:10:30 logger.go:20: [logger]: finished GET /_permissions/_role/myrole, took 0.078632s
2019/07/24 10:10:34 logger.go:20: [logger]: finished GET /_permission/_role/myrole, took 0.070178s
2019/07/24 10:11:21 logger.go:20: [logger]: finished GET /_permission/a82dd86a6b28, took 0.070525s
2019/07/24 10:11:33 logger.go:20: [logger]: finished GET /_permission/_role/myrole, took 0.067173s
2019/07/24 10:11:40 handlers.go:281: [permissions]: an error occurred while fetching permissions for role=m: <nil>
2019/07/24 10:11:40 logger.go:20: [logger]: finished GET /_permission/_role/m, took 0.068577s
2019/07/24 10:11:45 handlers.go:25: [permissions]: permission with "username"="_role" not found: elastic: Error 404 (Not Found)
2019/07/24 10:11:45 logger.go:20: [logger]: finished GET /_permission/_role, took 0.065601s
2019/07/24 10:11:59 handlers.go:281: [permissions]: an error occurred while fetching permissions for role=r: <nil>
2019/07/24 10:11:59 logger.go:20: [logger]: finished GET /_permission/_role/r, took 0.071715s
2019/07/24 10:12:03 handlers.go:281: [permissions]: an error occurred while fetching permissions for role=ers: <nil>
2019/07/24 10:12:03 logger.go:20: [logger]: finished GET /_permission/_role/ers, took 0.073747s
2019/07/24 10:12:08 logger.go:20: [logger]: finished GET /_permission/_role/myrole, took 0.065986s
2019/07/24 10:12:39 logger.go:20: [logger]: finished PATCH /_permission/a82dd86a6b28, took 0.841817s
2019/07/24 10:12:46 handlers.go:281: [permissions]: an error occurred while fetching permissions for role=myrole: <nil>
2019/07/24 10:12:46 logger.go:20: [logger]: finished GET /_permission/_role/myrole, took 0.065416s
2019/07/24 11:15:33 registry.go:71: [registry]: Initializing plugin: [auth]
2019/07/24 11:15:33 registry.go:71: [registry]: Initializing plugin: [logs]
2019/07/24 11:15:33 dao.go:42: [logs]: index named ".logs" already exists, skipping ...
2019/07/24 11:15:33 registry.go:71: [registry]: Initializing plugin: [permissions]
2019/07/24 11:15:33 permissions.go:42: [permissions]: initializing plugin
2019/07/24 11:15:33 dao.go:44: [permissions] index named '.permissions' already exists, skipping...
2019/07/24 11:15:33 registry.go:71: [registry]: Initializing plugin: [reindexer]
2019/07/24 11:15:33 registry.go:71: [registry]: Initializing plugin: [users]
2019/07/24 11:15:33 dao.go:54: [users]: index named '.users' already exists, skipping...
2019/07/24 11:17:58 registry.go:71: [registry]: Initializing plugin: [auth]
2019/07/24 11:17:58 registry.go:71: [registry]: Initializing plugin: [logs]
2019/07/24 11:17:58 dao.go:42: [logs]: index named ".logs" already exists, skipping ...
2019/07/24 11:17:58 registry.go:71: [registry]: Initializing plugin: [permissions]
2019/07/24 11:17:58 permissions.go:42: [permissions]: initializing plugin
2019/07/24 11:17:58 dao.go:44: [permissions] index named '.permissions' already exists, skipping...
2019/07/24 11:17:58 registry.go:71: [registry]: Initializing plugin: [reindexer]
2019/07/24 11:17:58 registry.go:71: [registry]: Initializing plugin: [users]
2019/07/24 11:17:58 dao.go:54: [users]: index named '.users' already exists, skipping...
2019/07/24 11:17:58 registry.go:80: [registry]: Initializing plugin: [elasticsearch]
2019/07/24 11:17:58 routes.go:175: [elasticsearch]: unable to categorize spec "ping": ping does not belong to ACL values\n
2019/07/24 11:17:58 routes.go:175: [elasticsearch]: unable to categorize spec "info": info does not belong to ACL values\n
2019/07/24 11:17:58 main.go:93: error loading plugins: json: cannot unmarshal number into Go struct field SearchHits.total of type elastic.TotalHits
2019/07/24 11:22:49 registry.go:71: [registry]: Initializing plugin: [auth]
2019/07/24 11:22:49 registry.go:71: [registry]: Initializing plugin: [logs]
2019/07/24 11:22:49 dao.go:42: [logs]: index named ".logs" already exists, skipping ...
2019/07/24 11:22:49 registry.go:71: [registry]: Initializing plugin: [permissions]
2019/07/24 11:22:49 permissions.go:42: [permissions]: initializing plugin
2019/07/24 11:22:49 dao.go:44: [permissions] index named '.permissions' already exists, skipping...
2019/07/24 11:22:49 registry.go:71: [registry]: Initializing plugin: [reindexer]
2019/07/24 11:22:49 registry.go:71: [registry]: Initializing plugin: [users]
2019/07/24 11:22:49 dao.go:54: [users]: index named '.users' already exists, skipping...
2019/07/24 11:22:50 registry.go:80: [registry]: Initializing plugin: [elasticsearch]
2019/07/24 11:22:50 routes.go:175: [elasticsearch]: unable to categorize spec "ping": ping does not belong to ACL values\n
2019/07/24 11:22:50 routes.go:175: [elasticsearch]: unable to categorize spec "info": info does not belong to ACL values\n
2019/07/24 11:22:50 main.go:93: error loading plugins: json: cannot unmarshal number into Go struct field SearchHits.total of type elastic.TotalHits
